2017/03/25 17:08:33 [trace] [system.CModule] Loading "log" application component
in /home/itmanage/ITManage/webroot/manage/index.php (18)
2017/03/25 17:08:33 [trace] [system.CModule] Loading "request" application component
in /home/itmanage/ITManage/webroot/manage/index.php (18)
2017/03/25 17:08:33 [trace] [system.CModule] Loading "urlManager" application component
in /home/itmanage/ITManage/webroot/manage/index.php (18)
2017/03/25 17:08:33 [trace] [system.web.filters.CFilterChain] Running filter Filter.filter()
in /home/itmanage/ITManage/webroot/manage/index.php (18)
2017/03/25 17:08:33 [trace] [system.CModule] Loading "user" application component
in /home/itmanage/ITManage/webroot/manage/protected/components/Filter.php (5)
in /home/itmanage/ITManage/webroot/manage/index.php (18)
2017/03/25 17:08:33 [trace] [system.CModule] Loading "session" application component
in /home/itmanage/ITManage/webroot/manage/protected/components/Filter.php (5)
in /home/itmanage/ITManage/webroot/manage/index.php (18)
2017/03/25 17:08:33 [trace] [system.CModule] Loading "db" application component
in /home/itmanage/ITManage/webroot/manage/protected/models/Common/MenuForm.php (7)
in /home/itmanage/ITManage/webroot/manage/protected/controllers/actions/Home/IndexAction.php (8)
in /home/itmanage/ITManage/webroot/manage/protected/components/Filter.php (36)
2017/03/25 17:08:33 [trace] [system.db.CDbConnection] Opening DB connection
in /home/itmanage/ITManage/webroot/manage/protected/models/Common/MenuForm.php (7)
in /home/itmanage/ITManage/webroot/manage/protected/controllers/actions/Home/IndexAction.php (8)
in /home/itmanage/ITManage/webroot/manage/protected/components/Filter.php (36)
2017/03/25 17:08:33 [trace] [system.db.CDbCommand] Querying SQL: SELECT * FROM wsqITManage.tbMenu WHERE fdPlatform = 1 AND fdStatus = 1
in /home/itmanage/ITManage/webroot/manage/protected/models/Common/MenuForm.php (7)
in /home/itmanage/ITManage/webroot/manage/protected/controllers/actions/Home/IndexAction.php (8)
in /home/itmanage/ITManage/webroot/manage/protected/components/Filter.php (36)
2017/03/25 17:08:33 [trace] [system.CModule] Loading "smarty" application component
in /home/itmanage/ITManage/webroot/manage/protected/components/Controller.php (105)
in /home/itmanage/ITManage/webroot/manage/protected/controllers/actions/Home/IndexAction.php (14)
in /home/itmanage/ITManage/webroot/manage/protected/components/Filter.php (36)
2017/03/25 17:14:17 [trace] [system.CModule] Loading "log" application component
in /home/itmanage/ITManage/webroot/manage/index.php (18)
2017/03/25 17:14:17 [trace] [system.CModule] Loading "request" application component
in /home/itmanage/ITManage/webroot/manage/index.php (18)
2017/03/25 17:14:17 [trace] [system.CModule] Loading "urlManager" application component
in /home/itmanage/ITManage/webroot/manage/index.php (18)
2017/03/25 17:14:17 [trace] [system.web.filters.CFilterChain] Running filter Filter.filter()
in /home/itmanage/ITManage/webroot/manage/index.php (18)
2017/03/25 17:14:17 [trace] [system.CModule] Loading "user" application component
in /home/itmanage/ITManage/webroot/manage/protected/components/Filter.php (5)
in /home/itmanage/ITManage/webroot/manage/index.php (18)
2017/03/25 17:14:17 [trace] [system.CModule] Loading "session" application component
in /home/itmanage/ITManage/webroot/manage/protected/components/Filter.php (5)
in /home/itmanage/ITManage/webroot/manage/index.php (18)
2017/03/25 17:14:17 [trace] [system.CModule] Loading "db" application component
in /home/itmanage/ITManage/webroot/manage/protected/models/Common/MenuForm.php (7)
in /home/itmanage/ITManage/webroot/manage/protected/controllers/actions/Duty/IndexAction.php (8)
in /home/itmanage/ITManage/webroot/manage/protected/components/Filter.php (36)
2017/03/25 17:14:17 [trace] [system.db.CDbConnection] Opening DB connection
in /home/itmanage/ITManage/webroot/manage/protected/models/Common/MenuForm.php (7)
in /home/itmanage/ITManage/webroot/manage/protected/controllers/actions/Duty/IndexAction.php (8)
in /home/itmanage/ITManage/webroot/manage/protected/components/Filter.php (36)
2017/03/25 17:14:17 [trace] [system.db.CDbCommand] Querying SQL: SELECT * FROM wsqITManage.tbMenu WHERE fdPlatform = 1 AND fdStatus = 1
in /home/itmanage/ITManage/webroot/manage/protected/models/Common/MenuForm.php (7)
in /home/itmanage/ITManage/webroot/manage/protected/controllers/actions/Duty/IndexAction.php (8)
in /home/itmanage/ITManage/webroot/manage/protected/components/Filter.php (36)
2017/03/25 17:14:17 [trace] [system.CModule] Loading "smarty" application component
in /home/itmanage/ITManage/webroot/manage/protected/components/Controller.php (105)
in /home/itmanage/ITManage/webroot/manage/protected/controllers/actions/Duty/IndexAction.php (15)
in /home/itmanage/ITManage/webroot/manage/protected/components/Filter.php (36)
2017/03/25 17:14:17 [trace] [system.CModule] Loading "log" application component
in /home/itmanage/ITManage/webroot/manage/index.php (18)
2017/03/25 17:14:17 [trace] [system.CModule] Loading "request" application component
in /home/itmanage/ITManage/webroot/manage/index.php (18)
2017/03/25 17:14:17 [trace] [system.CModule] Loading "urlManager" application component
in /home/itmanage/ITManage/webroot/manage/index.php (18)
2017/03/25 17:14:17 [trace] [system.web.filters.CFilterChain] Running filter Filter.filter()
in /home/itmanage/ITManage/webroot/manage/index.php (18)
2017/03/25 17:14:17 [trace] [system.CModule] Loading "user" application component
in /home/itmanage/ITManage/webroot/manage/protected/components/Filter.php (5)
in /home/itmanage/ITManage/webroot/manage/index.php (18)
2017/03/25 17:14:17 [trace] [system.CModule] Loading "session" application component
in /home/itmanage/ITManage/webroot/manage/protected/components/Filter.php (5)
in /home/itmanage/ITManage/webroot/manage/index.php (18)
2017/03/25 17:14:17 [trace] [system.CModule] Loading "db" application component
in /home/itmanage/ITManage/webroot/manage/protected/models/DutyForm.php (20)
in /home/itmanage/ITManage/webroot/manage/protected/controllers/actions/Duty/OperateAction.php (36)
in /home/itmanage/ITManage/webroot/manage/protected/controllers/actions/Duty/OperateAction.php (19)
2017/03/25 17:14:17 [trace] [system.db.CDbConnection] Opening DB connection
in /home/itmanage/ITManage/webroot/manage/protected/models/DutyForm.php (20)
in /home/itmanage/ITManage/webroot/manage/protected/controllers/actions/Duty/OperateAction.php (36)
in /home/itmanage/ITManage/webroot/manage/protected/controllers/actions/Duty/OperateAction.php (19)
2017/03/25 17:14:17 [trace] [system.db.CDbCommand] Querying SQL: SELECT duty.id,duty.fdDesc, duty.fdName, duty.fdPlanTime, duty.fdCompleteTime, manager.fdNickname maname, developer.fdNickname dename, tester.fdNickname tename, tbProject.fdName prname, tbDutyPrority.fdName dpname, tbDutyType.fdName dtname, tbDutyStatus.fdName dsname, duty.fdStatusID, developer.id AS developerID, tester.id AS testerID, manager.id AS managerID
        FROM 
        ( SELECT tbDuty.id, tbDuty.fdDesc, tbDuty.fdName, tbDuty.fdProjectID, tbDuty.fdPrority, tbDuty.fdManager, tbDuty.fdDeveloper, tbDuty.fdTester, tbDuty.fdStatusID, tbDuty.fdTypeID, fdPlanTime, fdCompleteTime FROM wsqITManage.tbDuty WHERE id = :dutyID) AS duty
        INNER JOIN wsqITManage.tbUser AS manager ON manager.id = duty.fdManager
        INNER JOIN wsqITManage.tbUser AS developer ON developer.id = duty.fdDeveloper
        INNER JOIN wsqITManage.tbUser AS tester ON tester.id = duty.fdTester
        INNER JOIN wsqITManage.tbProject ON tbProject.id = duty.fdProjectID
        INNER JOIN wsqITManage.tbDutyPrority ON tbDutyPrority.id = duty.fdPrority
        INNER JOIN wsqITManage.tbDutyType ON tbDutyType.id = duty.fdTypeID
        INNER JOIN wsqITManage.tbDutyStatus ON tbDutyStatus.id = duty.fdStatusID
in /home/itmanage/ITManage/webroot/manage/protected/models/DutyForm.php (20)
in /home/itmanage/ITManage/webroot/manage/protected/controllers/actions/Duty/OperateAction.php (36)
in /home/itmanage/ITManage/webroot/manage/protected/controllers/actions/Duty/OperateAction.php (19)
2017/03/25 17:14:17 [trace] [system.db.CDbCommand] Querying SQL: SELECT fdLog FROM wsqITManage.tbDutyLog WHERE fdDutyID = :dutyID
in /home/itmanage/ITManage/webroot/manage/protected/models/DutyForm.php (144)
in /home/itmanage/ITManage/webroot/manage/protected/models/DutyForm.php (38)
in /home/itmanage/ITManage/webroot/manage/protected/controllers/actions/Duty/OperateAction.php (36)
2017/03/25 17:14:17 [trace] [system.db.CDbCommand] Querying SQL: SELECT fdStatus, fdDesc FROM wsqITManage.tbBugFix WHERE fdDutyID = :dutyID
in /home/itmanage/ITManage/webroot/manage/protected/models/DutyForm.php (152)
in /home/itmanage/ITManage/webroot/manage/protected/models/DutyForm.php (39)
in /home/itmanage/ITManage/webroot/manage/protected/controllers/actions/Duty/OperateAction.php (36)
2017/03/25 17:14:17 [trace] [system.CModule] Loading "smarty" application component
in /home/itmanage/ITManage/webroot/manage/protected/components/Controller.php (105)
in /home/itmanage/ITManage/webroot/manage/protected/controllers/actions/Duty/OperateAction.php (40)
in /home/itmanage/ITManage/webroot/manage/protected/controllers/actions/Duty/OperateAction.php (19)
2017/03/25 17:14:18 [trace] [system.CModule] Loading "log" application component
in /home/itmanage/ITManage/webroot/manage/index.php (18)
2017/03/25 17:14:18 [trace] [system.CModule] Loading "request" application component
in /home/itmanage/ITManage/webroot/manage/index.php (18)
2017/03/25 17:14:18 [trace] [system.CModule] Loading "urlManager" application component
in /home/itmanage/ITManage/webroot/manage/index.php (18)
2017/03/25 17:14:18 [trace] [system.web.filters.CFilterChain] Running filter Filter.filter()
in /home/itmanage/ITManage/webroot/manage/index.php (18)
2017/03/25 17:14:18 [trace] [system.CModule] Loading "user" application component
in /home/itmanage/ITManage/webroot/manage/protected/components/Filter.php (5)
in /home/itmanage/ITManage/webroot/manage/index.php (18)
2017/03/25 17:14:18 [trace] [system.CModule] Loading "session" application component
in /home/itmanage/ITManage/webroot/manage/protected/components/Filter.php (5)
in /home/itmanage/ITManage/webroot/manage/index.php (18)
2017/03/25 17:14:18 [trace] [system.CModule] Loading "db" application component
in /home/itmanage/ITManage/webroot/manage/protected/models/Common/MenuForm.php (7)
in /home/itmanage/ITManage/webroot/manage/protected/controllers/actions/Home/IndexAction.php (8)
in /home/itmanage/ITManage/webroot/manage/protected/components/Filter.php (36)
2017/03/25 17:14:18 [trace] [system.db.CDbConnection] Opening DB connection
in /home/itmanage/ITManage/webroot/manage/protected/models/Common/MenuForm.php (7)
in /home/itmanage/ITManage/webroot/manage/protected/controllers/actions/Home/IndexAction.php (8)
in /home/itmanage/ITManage/webroot/manage/protected/components/Filter.php (36)
2017/03/25 17:14:18 [trace] [system.db.CDbCommand] Querying SQL: SELECT * FROM wsqITManage.tbMenu WHERE fdPlatform = 1 AND fdStatus = 1
in /home/itmanage/ITManage/webroot/manage/protected/models/Common/MenuForm.php (7)
in /home/itmanage/ITManage/webroot/manage/protected/controllers/actions/Home/IndexAction.php (8)
in /home/itmanage/ITManage/webroot/manage/protected/components/Filter.php (36)
2017/03/25 17:14:18 [trace] [system.CModule] Loading "smarty" application component
in /home/itmanage/ITManage/webroot/manage/protected/components/Controller.php (105)
in /home/itmanage/ITManage/webroot/manage/protected/controllers/actions/Home/IndexAction.php (14)
in /home/itmanage/ITManage/webroot/manage/protected/components/Filter.php (36)
2017/03/25 17:14:46 [trace] [system.CModule] Loading "log" application component
in /home/itmanage/ITManage/webroot/manage/index.php (18)
2017/03/25 17:14:46 [trace] [system.CModule] Loading "request" application component
in /home/itmanage/ITManage/webroot/manage/index.php (18)
2017/03/25 17:14:46 [trace] [system.CModule] Loading "urlManager" application component
in /home/itmanage/ITManage/webroot/manage/index.php (18)
2017/03/25 17:14:46 [trace] [system.web.filters.CFilterChain] Running filter Filter.filter()
in /home/itmanage/ITManage/webroot/manage/index.php (18)
2017/03/25 17:14:46 [trace] [system.CModule] Loading "user" application component
in /home/itmanage/ITManage/webroot/manage/protected/components/Filter.php (5)
in /home/itmanage/ITManage/webroot/manage/index.php (18)
2017/03/25 17:14:46 [trace] [system.CModule] Loading "session" application component
in /home/itmanage/ITManage/webroot/manage/protected/components/Filter.php (5)
in /home/itmanage/ITManage/webroot/manage/index.php (18)
2017/03/25 17:14:46 [trace] [system.CModule] Loading "db" application component
in /home/itmanage/ITManage/webroot/manage/protected/models/Common/MenuForm.php (7)
in /home/itmanage/ITManage/webroot/manage/protected/controllers/actions/Duty/IndexAction.php (8)
in /home/itmanage/ITManage/webroot/manage/protected/components/Filter.php (36)
2017/03/25 17:14:46 [trace] [system.db.CDbConnection] Opening DB connection
in /home/itmanage/ITManage/webroot/manage/protected/models/Common/MenuForm.php (7)
in /home/itmanage/ITManage/webroot/manage/protected/controllers/actions/Duty/IndexAction.php (8)
in /home/itmanage/ITManage/webroot/manage/protected/components/Filter.php (36)
2017/03/25 17:14:46 [trace] [system.db.CDbCommand] Querying SQL: SELECT * FROM wsqITManage.tbMenu WHERE fdPlatform = 1 AND fdStatus = 1
in /home/itmanage/ITManage/webroot/manage/protected/models/Common/MenuForm.php (7)
in /home/itmanage/ITManage/webroot/manage/protected/controllers/actions/Duty/IndexAction.php (8)
in /home/itmanage/ITManage/webroot/manage/protected/components/Filter.php (36)
2017/03/25 17:14:46 [trace] [system.CModule] Loading "smarty" application component
in /home/itmanage/ITManage/webroot/manage/protected/components/Controller.php (105)
in /home/itmanage/ITManage/webroot/manage/protected/controllers/actions/Duty/IndexAction.php (15)
in /home/itmanage/ITManage/webroot/manage/protected/components/Filter.php (36)
2017/03/25 17:14:46 [trace] [system.CModule] Loading "log" application component
in /home/itmanage/ITManage/webroot/manage/index.php (18)
2017/03/25 17:14:46 [trace] [system.CModule] Loading "request" application component
in /home/itmanage/ITManage/webroot/manage/index.php (18)
2017/03/25 17:14:46 [trace] [system.CModule] Loading "urlManager" application component
in /home/itmanage/ITManage/webroot/manage/index.php (18)
2017/03/25 17:14:47 [trace] [system.web.filters.CFilterChain] Running filter Filter.filter()
in /home/itmanage/ITManage/webroot/manage/index.php (18)
2017/03/25 17:14:47 [trace] [system.CModule] Loading "user" application component
in /home/itmanage/ITManage/webroot/manage/protected/components/Filter.php (5)
in /home/itmanage/ITManage/webroot/manage/index.php (18)
2017/03/25 17:14:47 [trace] [system.CModule] Loading "session" application component
in /home/itmanage/ITManage/webroot/manage/protected/components/Filter.php (5)
in /home/itmanage/ITManage/webroot/manage/index.php (18)
2017/03/25 17:14:47 [trace] [system.CModule] Loading "db" application component
in /home/itmanage/ITManage/webroot/manage/protected/models/DutyForm.php (20)
in /home/itmanage/ITManage/webroot/manage/protected/controllers/actions/Duty/OperateAction.php (36)
in /home/itmanage/ITManage/webroot/manage/protected/controllers/actions/Duty/OperateAction.php (19)
2017/03/25 17:14:47 [trace] [system.db.CDbConnection] Opening DB connection
in /home/itmanage/ITManage/webroot/manage/protected/models/DutyForm.php (20)
in /home/itmanage/ITManage/webroot/manage/protected/controllers/actions/Duty/OperateAction.php (36)
in /home/itmanage/ITManage/webroot/manage/protected/controllers/actions/Duty/OperateAction.php (19)
2017/03/25 17:14:47 [trace] [system.db.CDbCommand] Querying SQL: SELECT duty.id,duty.fdDesc, duty.fdName, duty.fdPlanTime, duty.fdCompleteTime, manager.fdNickname maname, developer.fdNickname dename, tester.fdNickname tename, tbProject.fdName prname, tbDutyPrority.fdName dpname, tbDutyType.fdName dtname, tbDutyStatus.fdName dsname, duty.fdStatusID, developer.id AS developerID, tester.id AS testerID, manager.id AS managerID
        FROM 
        ( SELECT tbDuty.id, tbDuty.fdDesc, tbDuty.fdName, tbDuty.fdProjectID, tbDuty.fdPrority, tbDuty.fdManager, tbDuty.fdDeveloper, tbDuty.fdTester, tbDuty.fdStatusID, tbDuty.fdTypeID, fdPlanTime, fdCompleteTime FROM wsqITManage.tbDuty WHERE id = :dutyID) AS duty
        INNER JOIN wsqITManage.tbUser AS manager ON manager.id = duty.fdManager
        INNER JOIN wsqITManage.tbUser AS developer ON developer.id = duty.fdDeveloper
        INNER JOIN wsqITManage.tbUser AS tester ON tester.id = duty.fdTester
        INNER JOIN wsqITManage.tbProject ON tbProject.id = duty.fdProjectID
        INNER JOIN wsqITManage.tbDutyPrority ON tbDutyPrority.id = duty.fdPrority
        INNER JOIN wsqITManage.tbDutyType ON tbDutyType.id = duty.fdTypeID
        INNER JOIN wsqITManage.tbDutyStatus ON tbDutyStatus.id = duty.fdStatusID
in /home/itmanage/ITManage/webroot/manage/protected/models/DutyForm.php (20)
in /home/itmanage/ITManage/webroot/manage/protected/controllers/actions/Duty/OperateAction.php (36)
in /home/itmanage/ITManage/webroot/manage/protected/controllers/actions/Duty/OperateAction.php (19)
2017/03/25 17:14:47 [trace] [system.db.CDbCommand] Querying SQL: SELECT fdLog FROM wsqITManage.tbDutyLog WHERE fdDutyID = :dutyID
in /home/itmanage/ITManage/webroot/manage/protected/models/DutyForm.php (144)
in /home/itmanage/ITManage/webroot/manage/protected/models/DutyForm.php (38)
in /home/itmanage/ITManage/webroot/manage/protected/controllers/actions/Duty/OperateAction.php (36)
2017/03/25 17:14:47 [trace] [system.db.CDbCommand] Querying SQL: SELECT fdStatus, fdDesc FROM wsqITManage.tbBugFix WHERE fdDutyID = :dutyID
in /home/itmanage/ITManage/webroot/manage/protected/models/DutyForm.php (152)
in /home/itmanage/ITManage/webroot/manage/protected/models/DutyForm.php (39)
in /home/itmanage/ITManage/webroot/manage/protected/controllers/actions/Duty/OperateAction.php (36)
2017/03/25 17:14:47 [trace] [system.CModule] Loading "smarty" application component
in /home/itmanage/ITManage/webroot/manage/protected/components/Controller.php (105)
in /home/itmanage/ITManage/webroot/manage/protected/controllers/actions/Duty/OperateAction.php (40)
in /home/itmanage/ITManage/webroot/manage/protected/controllers/actions/Duty/OperateAction.php (19)
2017/03/25 17:14:47 [trace] [system.CModule] Loading "log" application component
in /home/itmanage/ITManage/webroot/manage/index.php (18)
2017/03/25 17:14:47 [trace] [system.CModule] Loading "request" application component
in /home/itmanage/ITManage/webroot/manage/index.php (18)
2017/03/25 17:14:47 [trace] [system.CModule] Loading "urlManager" application component
in /home/itmanage/ITManage/webroot/manage/index.php (18)
2017/03/25 17:14:47 [trace] [system.web.filters.CFilterChain] Running filter Filter.filter()
in /home/itmanage/ITManage/webroot/manage/index.php (18)
2017/03/25 17:14:47 [trace] [system.CModule] Loading "user" application component
in /home/itmanage/ITManage/webroot/manage/protected/components/Filter.php (5)
in /home/itmanage/ITManage/webroot/manage/index.php (18)
2017/03/25 17:14:47 [trace] [system.CModule] Loading "session" application component
in /home/itmanage/ITManage/webroot/manage/protected/components/Filter.php (5)
in /home/itmanage/ITManage/webroot/manage/index.php (18)
2017/03/25 17:14:47 [trace] [system.CModule] Loading "db" application component
in /home/itmanage/ITManage/webroot/manage/protected/models/Common/MenuForm.php (7)
in /home/itmanage/ITManage/webroot/manage/protected/controllers/actions/Home/IndexAction.php (8)
in /home/itmanage/ITManage/webroot/manage/protected/components/Filter.php (36)
2017/03/25 17:14:47 [trace] [system.db.CDbConnection] Opening DB connection
in /home/itmanage/ITManage/webroot/manage/protected/models/Common/MenuForm.php (7)
in /home/itmanage/ITManage/webroot/manage/protected/controllers/actions/Home/IndexAction.php (8)
in /home/itmanage/ITManage/webroot/manage/protected/components/Filter.php (36)
2017/03/25 17:14:47 [trace] [system.db.CDbCommand] Querying SQL: SELECT * FROM wsqITManage.tbMenu WHERE fdPlatform = 1 AND fdStatus = 1
in /home/itmanage/ITManage/webroot/manage/protected/models/Common/MenuForm.php (7)
in /home/itmanage/ITManage/webroot/manage/protected/controllers/actions/Home/IndexAction.php (8)
in /home/itmanage/ITManage/webroot/manage/protected/components/Filter.php (36)
2017/03/25 17:14:47 [trace] [system.CModule] Loading "smarty" application component
in /home/itmanage/ITManage/webroot/manage/protected/components/Controller.php (105)
in /home/itmanage/ITManage/webroot/manage/protected/controllers/actions/Home/IndexAction.php (14)
in /home/itmanage/ITManage/webroot/manage/protected/components/Filter.php (36)
2017/03/25 17:15:20 [trace] [system.CModule] Loading "log" application component
in /home/itmanage/ITManage/webroot/manage/index.php (18)
2017/03/25 17:15:20 [trace] [system.CModule] Loading "request" application component
in /home/itmanage/ITManage/webroot/manage/index.php (18)
2017/03/25 17:15:20 [trace] [system.CModule] Loading "urlManager" application component
in /home/itmanage/ITManage/webroot/manage/index.php (18)
2017/03/25 17:15:20 [trace] [system.web.filters.CFilterChain] Running filter Filter.filter()
in /home/itmanage/ITManage/webroot/manage/index.php (18)
2017/03/25 17:15:20 [trace] [system.CModule] Loading "user" application component
in /home/itmanage/ITManage/webroot/manage/protected/components/Filter.php (5)
in /home/itmanage/ITManage/webroot/manage/index.php (18)
2017/03/25 17:15:20 [trace] [system.CModule] Loading "session" application component
in /home/itmanage/ITManage/webroot/manage/protected/components/Filter.php (5)
in /home/itmanage/ITManage/webroot/manage/index.php (18)
2017/03/25 17:15:20 [trace] [system.CModule] Loading "db" application component
in /home/itmanage/ITManage/webroot/manage/protected/models/Common/MenuForm.php (7)
in /home/itmanage/ITManage/webroot/manage/protected/controllers/actions/Duty/IndexAction.php (8)
in /home/itmanage/ITManage/webroot/manage/protected/components/Filter.php (36)
2017/03/25 17:15:20 [trace] [system.db.CDbConnection] Opening DB connection
in /home/itmanage/ITManage/webroot/manage/protected/models/Common/MenuForm.php (7)
in /home/itmanage/ITManage/webroot/manage/protected/controllers/actions/Duty/IndexAction.php (8)
in /home/itmanage/ITManage/webroot/manage/protected/components/Filter.php (36)
2017/03/25 17:15:20 [trace] [system.db.CDbCommand] Querying SQL: SELECT * FROM wsqITManage.tbMenu WHERE fdPlatform = 1 AND fdStatus = 1
in /home/itmanage/ITManage/webroot/manage/protected/models/Common/MenuForm.php (7)
in /home/itmanage/ITManage/webroot/manage/protected/controllers/actions/Duty/IndexAction.php (8)
in /home/itmanage/ITManage/webroot/manage/protected/components/Filter.php (36)
2017/03/25 17:15:20 [trace] [system.CModule] Loading "smarty" application component
in /home/itmanage/ITManage/webroot/manage/protected/components/Controller.php (105)
in /home/itmanage/ITManage/webroot/manage/protected/controllers/actions/Duty/IndexAction.php (15)
in /home/itmanage/ITManage/webroot/manage/protected/components/Filter.php (36)
2017/03/25 17:15:21 [trace] [system.CModule] Loading "log" application component
in /home/itmanage/ITManage/webroot/manage/index.php (18)
2017/03/25 17:15:21 [trace] [system.CModule] Loading "request" application component
in /home/itmanage/ITManage/webroot/manage/index.php (18)
2017/03/25 17:15:21 [trace] [system.CModule] Loading "urlManager" application component
in /home/itmanage/ITManage/webroot/manage/index.php (18)
2017/03/25 17:15:21 [trace] [system.web.filters.CFilterChain] Running filter Filter.filter()
in /home/itmanage/ITManage/webroot/manage/index.php (18)
2017/03/25 17:15:21 [trace] [system.CModule] Loading "user" application component
in /home/itmanage/ITManage/webroot/manage/protected/components/Filter.php (5)
in /home/itmanage/ITManage/webroot/manage/index.php (18)
2017/03/25 17:15:21 [trace] [system.CModule] Loading "session" application component
in /home/itmanage/ITManage/webroot/manage/protected/components/Filter.php (5)
in /home/itmanage/ITManage/webroot/manage/index.php (18)
2017/03/25 17:15:21 [trace] [system.CModule] Loading "db" application component
in /home/itmanage/ITManage/webroot/manage/protected/models/DutyForm.php (20)
in /home/itmanage/ITManage/webroot/manage/protected/controllers/actions/Duty/OperateAction.php (36)
in /home/itmanage/ITManage/webroot/manage/protected/controllers/actions/Duty/OperateAction.php (19)
2017/03/25 17:15:21 [trace] [system.db.CDbConnection] Opening DB connection
in /home/itmanage/ITManage/webroot/manage/protected/models/DutyForm.php (20)
in /home/itmanage/ITManage/webroot/manage/protected/controllers/actions/Duty/OperateAction.php (36)
in /home/itmanage/ITManage/webroot/manage/protected/controllers/actions/Duty/OperateAction.php (19)
2017/03/25 17:15:21 [trace] [system.db.CDbCommand] Querying SQL: SELECT duty.id,duty.fdDesc, duty.fdName, duty.fdPlanTime, duty.fdCompleteTime, manager.fdNickname maname, developer.fdNickname dename, tester.fdNickname tename, tbProject.fdName prname, tbDutyPrority.fdName dpname, tbDutyType.fdName dtname, tbDutyStatus.fdName dsname, duty.fdStatusID, developer.id AS developerID, tester.id AS testerID, manager.id AS managerID
        FROM 
        ( SELECT tbDuty.id, tbDuty.fdDesc, tbDuty.fdName, tbDuty.fdProjectID, tbDuty.fdPrority, tbDuty.fdManager, tbDuty.fdDeveloper, tbDuty.fdTester, tbDuty.fdStatusID, tbDuty.fdTypeID, fdPlanTime, fdCompleteTime FROM wsqITManage.tbDuty WHERE id = :dutyID) AS duty
        INNER JOIN wsqITManage.tbUser AS manager ON manager.id = duty.fdManager
        INNER JOIN wsqITManage.tbUser AS developer ON developer.id = duty.fdDeveloper
        INNER JOIN wsqITManage.tbUser AS tester ON tester.id = duty.fdTester
        INNER JOIN wsqITManage.tbProject ON tbProject.id = duty.fdProjectID
        INNER JOIN wsqITManage.tbDutyPrority ON tbDutyPrority.id = duty.fdPrority
        INNER JOIN wsqITManage.tbDutyType ON tbDutyType.id = duty.fdTypeID
        INNER JOIN wsqITManage.tbDutyStatus ON tbDutyStatus.id = duty.fdStatusID
in /home/itmanage/ITManage/webroot/manage/protected/models/DutyForm.php (20)
in /home/itmanage/ITManage/webroot/manage/protected/controllers/actions/Duty/OperateAction.php (36)
in /home/itmanage/ITManage/webroot/manage/protected/controllers/actions/Duty/OperateAction.php (19)
2017/03/25 17:15:21 [trace] [system.db.CDbCommand] Querying SQL: SELECT fdLog FROM wsqITManage.tbDutyLog WHERE fdDutyID = :dutyID
in /home/itmanage/ITManage/webroot/manage/protected/models/DutyForm.php (144)
in /home/itmanage/ITManage/webroot/manage/protected/models/DutyForm.php (38)
in /home/itmanage/ITManage/webroot/manage/protected/controllers/actions/Duty/OperateAction.php (36)
2017/03/25 17:15:21 [trace] [system.db.CDbCommand] Querying SQL: SELECT fdStatus, fdDesc FROM wsqITManage.tbBugFix WHERE fdDutyID = :dutyID
in /home/itmanage/ITManage/webroot/manage/protected/models/DutyForm.php (152)
in /home/itmanage/ITManage/webroot/manage/protected/models/DutyForm.php (39)
in /home/itmanage/ITManage/webroot/manage/protected/controllers/actions/Duty/OperateAction.php (36)
2017/03/25 17:15:21 [trace] [system.CModule] Loading "smarty" application component
in /home/itmanage/ITManage/webroot/manage/protected/components/Controller.php (105)
in /home/itmanage/ITManage/webroot/manage/protected/controllers/actions/Duty/OperateAction.php (40)
in /home/itmanage/ITManage/webroot/manage/protected/controllers/actions/Duty/OperateAction.php (19)
2017/03/25 17:15:21 [trace] [system.CModule] Loading "log" application component
in /home/itmanage/ITManage/webroot/manage/index.php (18)
2017/03/25 17:15:21 [trace] [system.CModule] Loading "request" application component
in /home/itmanage/ITManage/webroot/manage/index.php (18)
2017/03/25 17:15:21 [trace] [system.CModule] Loading "urlManager" application component
in /home/itmanage/ITManage/webroot/manage/index.php (18)
2017/03/25 17:15:21 [trace] [system.web.filters.CFilterChain] Running filter Filter.filter()
in /home/itmanage/ITManage/webroot/manage/index.php (18)
2017/03/25 17:15:21 [trace] [system.CModule] Loading "user" application component
in /home/itmanage/ITManage/webroot/manage/protected/components/Filter.php (5)
in /home/itmanage/ITManage/webroot/manage/index.php (18)
2017/03/25 17:15:21 [trace] [system.CModule] Loading "session" application component
in /home/itmanage/ITManage/webroot/manage/protected/components/Filter.php (5)
in /home/itmanage/ITManage/webroot/manage/index.php (18)
2017/03/25 17:15:21 [trace] [system.CModule] Loading "db" application component
in /home/itmanage/ITManage/webroot/manage/protected/models/Common/MenuForm.php (7)
in /home/itmanage/ITManage/webroot/manage/protected/controllers/actions/Home/IndexAction.php (8)
in /home/itmanage/ITManage/webroot/manage/protected/components/Filter.php (36)
2017/03/25 17:15:21 [trace] [system.db.CDbConnection] Opening DB connection
in /home/itmanage/ITManage/webroot/manage/protected/models/Common/MenuForm.php (7)
in /home/itmanage/ITManage/webroot/manage/protected/controllers/actions/Home/IndexAction.php (8)
in /home/itmanage/ITManage/webroot/manage/protected/components/Filter.php (36)
2017/03/25 17:15:21 [trace] [system.db.CDbCommand] Querying SQL: SELECT * FROM wsqITManage.tbMenu WHERE fdPlatform = 1 AND fdStatus = 1
in /home/itmanage/ITManage/webroot/manage/protected/models/Common/MenuForm.php (7)
in /home/itmanage/ITManage/webroot/manage/protected/controllers/actions/Home/IndexAction.php (8)
in /home/itmanage/ITManage/webroot/manage/protected/components/Filter.php (36)
2017/03/25 17:15:21 [trace] [system.CModule] Loading "smarty" application component
in /home/itmanage/ITManage/webroot/manage/protected/components/Controller.php (105)
in /home/itmanage/ITManage/webroot/manage/protected/controllers/actions/Home/IndexAction.php (14)
in /home/itmanage/ITManage/webroot/manage/protected/components/Filter.php (36)
2017/03/25 17:18:21 [trace] [system.CModule] Loading "log" application component
in /home/itmanage/ITManage/webroot/manage/index.php (18)
2017/03/25 17:18:21 [trace] [system.CModule] Loading "request" application component
in /home/itmanage/ITManage/webroot/manage/index.php (18)
2017/03/25 17:18:21 [trace] [system.CModule] Loading "urlManager" application component
in /home/itmanage/ITManage/webroot/manage/index.php (18)
2017/03/25 17:18:22 [trace] [system.web.filters.CFilterChain] Running filter Filter.filter()
in /home/itmanage/ITManage/webroot/manage/index.php (18)
2017/03/25 17:18:22 [trace] [system.CModule] Loading "user" application component
in /home/itmanage/ITManage/webroot/manage/protected/components/Filter.php (5)
in /home/itmanage/ITManage/webroot/manage/index.php (18)
2017/03/25 17:18:22 [trace] [system.CModule] Loading "session" application component
in /home/itmanage/ITManage/webroot/manage/protected/components/Filter.php (5)
in /home/itmanage/ITManage/webroot/manage/index.php (18)
2017/03/25 17:18:22 [trace] [system.CModule] Loading "db" application component
in /home/itmanage/ITManage/webroot/manage/protected/models/Common/MenuForm.php (7)
in /home/itmanage/ITManage/webroot/manage/protected/controllers/actions/Duty/IndexAction.php (8)
in /home/itmanage/ITManage/webroot/manage/protected/components/Filter.php (36)
2017/03/25 17:18:22 [trace] [system.db.CDbConnection] Opening DB connection
in /home/itmanage/ITManage/webroot/manage/protected/models/Common/MenuForm.php (7)
in /home/itmanage/ITManage/webroot/manage/protected/controllers/actions/Duty/IndexAction.php (8)
in /home/itmanage/ITManage/webroot/manage/protected/components/Filter.php (36)
2017/03/25 17:18:22 [trace] [system.db.CDbCommand] Querying SQL: SELECT * FROM wsqITManage.tbMenu WHERE fdPlatform = 1 AND fdStatus = 1
in /home/itmanage/ITManage/webroot/manage/protected/models/Common/MenuForm.php (7)
in /home/itmanage/ITManage/webroot/manage/protected/controllers/actions/Duty/IndexAction.php (8)
in /home/itmanage/ITManage/webroot/manage/protected/components/Filter.php (36)
2017/03/25 17:18:22 [trace] [system.CModule] Loading "smarty" application component
in /home/itmanage/ITManage/webroot/manage/protected/components/Controller.php (105)
in /home/itmanage/ITManage/webroot/manage/protected/controllers/actions/Duty/IndexAction.php (15)
in /home/itmanage/ITManage/webroot/manage/protected/components/Filter.php (36)
2017/03/25 17:18:22 [trace] [system.CModule] Loading "log" application component
in /home/itmanage/ITManage/webroot/manage/index.php (18)
2017/03/25 17:18:22 [trace] [system.CModule] Loading "request" application component
in /home/itmanage/ITManage/webroot/manage/index.php (18)
2017/03/25 17:18:22 [trace] [system.CModule] Loading "urlManager" application component
in /home/itmanage/ITManage/webroot/manage/index.php (18)
2017/03/25 17:18:22 [trace] [system.web.filters.CFilterChain] Running filter Filter.filter()
in /home/itmanage/ITManage/webroot/manage/index.php (18)
2017/03/25 17:18:22 [trace] [system.CModule] Loading "user" application component
in /home/itmanage/ITManage/webroot/manage/protected/components/Filter.php (5)
in /home/itmanage/ITManage/webroot/manage/index.php (18)
2017/03/25 17:18:22 [trace] [system.CModule] Loading "session" application component
in /home/itmanage/ITManage/webroot/manage/protected/components/Filter.php (5)
in /home/itmanage/ITManage/webroot/manage/index.php (18)
2017/03/25 17:18:22 [trace] [system.CModule] Loading "db" application component
in /home/itmanage/ITManage/webroot/manage/protected/models/DutyForm.php (20)
in /home/itmanage/ITManage/webroot/manage/protected/controllers/actions/Duty/OperateAction.php (36)
in /home/itmanage/ITManage/webroot/manage/protected/controllers/actions/Duty/OperateAction.php (19)
2017/03/25 17:18:22 [trace] [system.db.CDbConnection] Opening DB connection
in /home/itmanage/ITManage/webroot/manage/protected/models/DutyForm.php (20)
in /home/itmanage/ITManage/webroot/manage/protected/controllers/actions/Duty/OperateAction.php (36)
in /home/itmanage/ITManage/webroot/manage/protected/controllers/actions/Duty/OperateAction.php (19)
2017/03/25 17:18:22 [trace] [system.db.CDbCommand] Querying SQL: SELECT duty.id,duty.fdDesc, duty.fdName, duty.fdPlanTime, duty.fdCompleteTime, manager.fdNickname maname, developer.fdNickname dename, tester.fdNickname tename, tbProject.fdName prname, tbDutyPrority.fdName dpname, tbDutyType.fdName dtname, tbDutyStatus.fdName dsname, duty.fdStatusID, developer.id AS developerID, tester.id AS testerID, manager.id AS managerID
        FROM 
        ( SELECT tbDuty.id, tbDuty.fdDesc, tbDuty.fdName, tbDuty.fdProjectID, tbDuty.fdPrority, tbDuty.fdManager, tbDuty.fdDeveloper, tbDuty.fdTester, tbDuty.fdStatusID, tbDuty.fdTypeID, fdPlanTime, fdCompleteTime FROM wsqITManage.tbDuty WHERE id = :dutyID) AS duty
        INNER JOIN wsqITManage.tbUser AS manager ON manager.id = duty.fdManager
        INNER JOIN wsqITManage.tbUser AS developer ON developer.id = duty.fdDeveloper
        INNER JOIN wsqITManage.tbUser AS tester ON tester.id = duty.fdTester
        INNER JOIN wsqITManage.tbProject ON tbProject.id = duty.fdProjectID
        INNER JOIN wsqITManage.tbDutyPrority ON tbDutyPrority.id = duty.fdPrority
        INNER JOIN wsqITManage.tbDutyType ON tbDutyType.id = duty.fdTypeID
        INNER JOIN wsqITManage.tbDutyStatus ON tbDutyStatus.id = duty.fdStatusID
in /home/itmanage/ITManage/webroot/manage/protected/models/DutyForm.php (20)
in /home/itmanage/ITManage/webroot/manage/protected/controllers/actions/Duty/OperateAction.php (36)
in /home/itmanage/ITManage/webroot/manage/protected/controllers/actions/Duty/OperateAction.php (19)
2017/03/25 17:18:22 [trace] [system.db.CDbCommand] Querying SQL: SELECT fdLog FROM wsqITManage.tbDutyLog WHERE fdDutyID = :dutyID
in /home/itmanage/ITManage/webroot/manage/protected/models/DutyForm.php (144)
in /home/itmanage/ITManage/webroot/manage/protected/models/DutyForm.php (38)
in /home/itmanage/ITManage/webroot/manage/protected/controllers/actions/Duty/OperateAction.php (36)
2017/03/25 17:18:22 [trace] [system.db.CDbCommand] Querying SQL: SELECT fdStatus, fdDesc FROM wsqITManage.tbBugFix WHERE fdDutyID = :dutyID
in /home/itmanage/ITManage/webroot/manage/protected/models/DutyForm.php (152)
in /home/itmanage/ITManage/webroot/manage/protected/models/DutyForm.php (39)
in /home/itmanage/ITManage/webroot/manage/protected/controllers/actions/Duty/OperateAction.php (36)
2017/03/25 17:18:22 [trace] [system.CModule] Loading "smarty" application component
in /home/itmanage/ITManage/webroot/manage/protected/components/Controller.php (105)
in /home/itmanage/ITManage/webroot/manage/protected/controllers/actions/Duty/OperateAction.php (40)
in /home/itmanage/ITManage/webroot/manage/protected/controllers/actions/Duty/OperateAction.php (19)
2017/03/25 17:18:22 [trace] [system.CModule] Loading "log" application component
in /home/itmanage/ITManage/webroot/manage/index.php (18)
2017/03/25 17:18:22 [trace] [system.CModule] Loading "request" application component
in /home/itmanage/ITManage/webroot/manage/index.php (18)
2017/03/25 17:18:22 [trace] [system.CModule] Loading "urlManager" application component
in /home/itmanage/ITManage/webroot/manage/index.php (18)
2017/03/25 17:18:22 [trace] [system.web.filters.CFilterChain] Running filter Filter.filter()
in /home/itmanage/ITManage/webroot/manage/index.php (18)
2017/03/25 17:18:22 [trace] [system.CModule] Loading "user" application component
in /home/itmanage/ITManage/webroot/manage/protected/components/Filter.php (5)
in /home/itmanage/ITManage/webroot/manage/index.php (18)
2017/03/25 17:18:22 [trace] [system.CModule] Loading "session" application component
in /home/itmanage/ITManage/webroot/manage/protected/components/Filter.php (5)
in /home/itmanage/ITManage/webroot/manage/index.php (18)
2017/03/25 17:18:22 [trace] [system.CModule] Loading "db" application component
in /home/itmanage/ITManage/webroot/manage/protected/models/Common/MenuForm.php (7)
in /home/itmanage/ITManage/webroot/manage/protected/controllers/actions/Home/IndexAction.php (8)
in /home/itmanage/ITManage/webroot/manage/protected/components/Filter.php (36)
2017/03/25 17:18:22 [trace] [system.db.CDbConnection] Opening DB connection
in /home/itmanage/ITManage/webroot/manage/protected/models/Common/MenuForm.php (7)
in /home/itmanage/ITManage/webroot/manage/protected/controllers/actions/Home/IndexAction.php (8)
in /home/itmanage/ITManage/webroot/manage/protected/components/Filter.php (36)
2017/03/25 17:18:22 [trace] [system.db.CDbCommand] Querying SQL: SELECT * FROM wsqITManage.tbMenu WHERE fdPlatform = 1 AND fdStatus = 1
in /home/itmanage/ITManage/webroot/manage/protected/models/Common/MenuForm.php (7)
in /home/itmanage/ITManage/webroot/manage/protected/controllers/actions/Home/IndexAction.php (8)
in /home/itmanage/ITManage/webroot/manage/protected/components/Filter.php (36)
2017/03/25 17:18:22 [trace] [system.CModule] Loading "smarty" application component
in /home/itmanage/ITManage/webroot/manage/protected/components/Controller.php (105)
in /home/itmanage/ITManage/webroot/manage/protected/controllers/actions/Home/IndexAction.php (14)
in /home/itmanage/ITManage/webroot/manage/protected/components/Filter.php (36)
