2017/03/17 02:44:52 [error] [exception.CHttpException.404] CHttpException: Unable to resolve the request "login". in /home/itmanage/ITManage/webroot/framework/web/CWebApplication.php:286
Stack trace:
#0 /home/itmanage/ITManage/webroot/framework/web/CWebApplication.php(141): CWebApplication->runController('login')
#1 /home/itmanage/ITManage/webroot/framework/base/CApplication.php(185): CWebApplication->processRequest()
#2 /home/itmanage/ITManage/webroot/backstage/index.php(13): CApplication->run()
#3 {main}
REQUEST_URI=/index.php?r=login
---
2017/03/17 02:44:52 [error] [exception.CException] CException: Property "SiteController.actions" is not defined. in /home/itmanage/ITManage/webroot/framework/base/CComponent.php:130
Stack trace:
#0 /home/itmanage/ITManage/webroot/backstage/protected/components/Controller.php(31): CComponent->__get('actions')
#1 /home/itmanage/ITManage/webroot/framework/web/CController.php(259): Controller->createAction('index')
#2 /home/itmanage/ITManage/webroot/framework/web/CWebApplication.php(282): CController->run('')
#3 /home/itmanage/ITManage/webroot/framework/web/CWebApplication.php(141): CWebApplication->runController('')
#4 /home/itmanage/ITManage/webroot/framework/base/CApplication.php(185): CWebApplication->processRequest()
#5 /home/itmanage/ITManage/webroot/backstage/index.php(13): CApplication->run()
#6 {main}
REQUEST_URI=/favicon.ico
HTTP_REFERER=http://backstage.com:8000/index.php?r=login
---
2017/03/17 02:45:05 [error] [exception.CHttpException.404] CHttpException: Unable to resolve the request "login/index". in /home/itmanage/ITManage/webroot/framework/web/CWebApplication.php:286
Stack trace:
#0 /home/itmanage/ITManage/webroot/framework/web/CWebApplication.php(141): CWebApplication->runController('login/index')
#1 /home/itmanage/ITManage/webroot/framework/base/CApplication.php(185): CWebApplication->processRequest()
#2 /home/itmanage/ITManage/webroot/backstage/index.php(13): CApplication->run()
#3 {main}
REQUEST_URI=/index.php?r=login/index
---
2017/03/17 02:45:05 [error] [exception.CException] CException: Property "SiteController.actions" is not defined. in /home/itmanage/ITManage/webroot/framework/base/CComponent.php:130
Stack trace:
#0 /home/itmanage/ITManage/webroot/backstage/protected/components/Controller.php(31): CComponent->__get('actions')
#1 /home/itmanage/ITManage/webroot/framework/web/CController.php(259): Controller->createAction('index')
#2 /home/itmanage/ITManage/webroot/framework/web/CWebApplication.php(282): CController->run('')
#3 /home/itmanage/ITManage/webroot/framework/web/CWebApplication.php(141): CWebApplication->runController('')
#4 /home/itmanage/ITManage/webroot/framework/base/CApplication.php(185): CWebApplication->processRequest()
#5 /home/itmanage/ITManage/webroot/backstage/index.php(13): CApplication->run()
#6 {main}
REQUEST_URI=/favicon.ico
HTTP_REFERER=http://backstage.com:8000/index.php?r=login/index
---
2017/03/17 02:45:37 [error] [exception.CException] CException: Property "LoginController.actions" is not defined. in /home/itmanage/ITManage/webroot/framework/base/CComponent.php:130
Stack trace:
#0 /home/itmanage/ITManage/webroot/backstage/protected/components/Controller.php(31): CComponent->__get('actions')
#1 /home/itmanage/ITManage/webroot/framework/web/CController.php(259): Controller->createAction('index')
#2 /home/itmanage/ITManage/webroot/framework/web/CWebApplication.php(282): CController->run('index')
#3 /home/itmanage/ITManage/webroot/framework/web/CWebApplication.php(141): CWebApplication->runController('login/index')
#4 /home/itmanage/ITManage/webroot/framework/base/CApplication.php(185): CWebApplication->processRequest()
#5 /home/itmanage/ITManage/webroot/backstage/index.php(13): CApplication->run()
#6 {main}
REQUEST_URI=/index.php?r=login/index
---
2017/03/17 02:45:37 [error] [exception.CException] CException: Property "SiteController.actions" is not defined. in /home/itmanage/ITManage/webroot/framework/base/CComponent.php:130
Stack trace:
#0 /home/itmanage/ITManage/webroot/backstage/protected/components/Controller.php(31): CComponent->__get('actions')
#1 /home/itmanage/ITManage/webroot/framework/web/CController.php(259): Controller->createAction('index')
#2 /home/itmanage/ITManage/webroot/framework/web/CWebApplication.php(282): CController->run('')
#3 /home/itmanage/ITManage/webroot/framework/web/CWebApplication.php(141): CWebApplication->runController('')
#4 /home/itmanage/ITManage/webroot/framework/base/CApplication.php(185): CWebApplication->processRequest()
#5 /home/itmanage/ITManage/webroot/backstage/index.php(13): CApplication->run()
#6 {main}
REQUEST_URI=/favicon.ico
HTTP_REFERER=http://backstage.com:8000/index.php?r=login/index
---
2017/03/17 02:46:23 [error] [exception.CException] CException: Property "LoginController.actions" is not defined. in /home/itmanage/ITManage/webroot/framework/base/CComponent.php:130
Stack trace:
#0 /home/itmanage/ITManage/webroot/backstage/protected/components/Controller.php(31): CComponent->__get('actions')
#1 /home/itmanage/ITManage/webroot/framework/web/CController.php(259): Controller->createAction('index')
#2 /home/itmanage/ITManage/webroot/framework/web/CWebApplication.php(282): CController->run('index')
#3 /home/itmanage/ITManage/webroot/framework/web/CWebApplication.php(141): CWebApplication->runController('login/index')
#4 /home/itmanage/ITManage/webroot/framework/base/CApplication.php(185): CWebApplication->processRequest()
#5 /home/itmanage/ITManage/webroot/backstage/index.php(13): CApplication->run()
#6 {main}
REQUEST_URI=/index.php?r=login/index
---
2017/03/17 02:46:23 [error] [exception.CException] CException: Property "SiteController.actions" is not defined. in /home/itmanage/ITManage/webroot/framework/base/CComponent.php:130
Stack trace:
#0 /home/itmanage/ITManage/webroot/backstage/protected/components/Controller.php(31): CComponent->__get('actions')
#1 /home/itmanage/ITManage/webroot/framework/web/CController.php(259): Controller->createAction('index')
#2 /home/itmanage/ITManage/webroot/framework/web/CWebApplication.php(282): CController->run('')
#3 /home/itmanage/ITManage/webroot/framework/web/CWebApplication.php(141): CWebApplication->runController('')
#4 /home/itmanage/ITManage/webroot/framework/base/CApplication.php(185): CWebApplication->processRequest()
#5 /home/itmanage/ITManage/webroot/backstage/index.php(13): CApplication->run()
#6 {main}
REQUEST_URI=/favicon.ico
HTTP_REFERER=http://backstage.com:8000/index.php?r=login/index
---
2017/03/17 02:46:57 [error] [exception.CException] CException: Property "LoginController.actions" is not defined. in /home/itmanage/ITManage/webroot/framework/base/CComponent.php:130
Stack trace:
#0 /home/itmanage/ITManage/webroot/backstage/protected/components/Controller.php(31): CComponent->__get('actions')
#1 /home/itmanage/ITManage/webroot/framework/web/CController.php(259): Controller->createAction('index')
#2 /home/itmanage/ITManage/webroot/framework/web/CWebApplication.php(282): CController->run('index')
#3 /home/itmanage/ITManage/webroot/framework/web/CWebApplication.php(141): CWebApplication->runController('login/index')
#4 /home/itmanage/ITManage/webroot/framework/base/CApplication.php(185): CWebApplication->processRequest()
#5 /home/itmanage/ITManage/webroot/backstage/index.php(13): CApplication->run()
#6 {main}
REQUEST_URI=/index.php?r=login/index
---
2017/03/17 02:46:58 [error] [exception.CException] CException: Property "SiteController.actions" is not defined. in /home/itmanage/ITManage/webroot/framework/base/CComponent.php:130
Stack trace:
#0 /home/itmanage/ITManage/webroot/backstage/protected/components/Controller.php(31): CComponent->__get('actions')
#1 /home/itmanage/ITManage/webroot/framework/web/CController.php(259): Controller->createAction('index')
#2 /home/itmanage/ITManage/webroot/framework/web/CWebApplication.php(282): CController->run('')
#3 /home/itmanage/ITManage/webroot/framework/web/CWebApplication.php(141): CWebApplication->runController('')
#4 /home/itmanage/ITManage/webroot/framework/base/CApplication.php(185): CWebApplication->processRequest()
#5 /home/itmanage/ITManage/webroot/backstage/index.php(13): CApplication->run()
#6 {main}
REQUEST_URI=/favicon.ico
HTTP_REFERER=http://backstage.com:8000/index.php?r=login/index
---
2017/03/17 02:48:54 [error] [exception.CException] CException: Property "LoginController.actions" is not defined. in /home/itmanage/ITManage/webroot/framework/base/CComponent.php:130
Stack trace:
#0 /home/itmanage/ITManage/webroot/backstage/protected/components/Controller.php(32): CComponent->__get('actions')
#1 /home/itmanage/ITManage/webroot/framework/web/CController.php(259): Controller->createAction('index')
#2 /home/itmanage/ITManage/webroot/framework/web/CWebApplication.php(282): CController->run('index')
#3 /home/itmanage/ITManage/webroot/framework/web/CWebApplication.php(141): CWebApplication->runController('login/index')
#4 /home/itmanage/ITManage/webroot/framework/base/CApplication.php(185): CWebApplication->processRequest()
#5 /home/itmanage/ITManage/webroot/backstage/index.php(13): CApplication->run()
#6 {main}
REQUEST_URI=/index.php?r=login/index
---
2017/03/17 02:48:54 [error] [exception.CException] CException: Property "SiteController.actions" is not defined. in /home/itmanage/ITManage/webroot/framework/base/CComponent.php:130
Stack trace:
#0 /home/itmanage/ITManage/webroot/backstage/protected/components/Controller.php(32): CComponent->__get('actions')
#1 /home/itmanage/ITManage/webroot/framework/web/CController.php(259): Controller->createAction('index')
#2 /home/itmanage/ITManage/webroot/framework/web/CWebApplication.php(282): CController->run('')
#3 /home/itmanage/ITManage/webroot/framework/web/CWebApplication.php(141): CWebApplication->runController('')
#4 /home/itmanage/ITManage/webroot/framework/base/CApplication.php(185): CWebApplication->processRequest()
#5 /home/itmanage/ITManage/webroot/backstage/index.php(13): CApplication->run()
#6 {main}
REQUEST_URI=/favicon.ico
HTTP_REFERER=http://backstage.com:8000/index.php?r=login/index
---
2017/03/17 02:49:55 [error] [exception.CException] CException: Property "LoginController.actions" is not defined. in /home/itmanage/ITManage/webroot/framework/base/CComponent.php:130
Stack trace:
#0 /home/itmanage/ITManage/webroot/backstage/protected/components/Controller.php(31): CComponent->__get('actions')
#1 /home/itmanage/ITManage/webroot/framework/web/CController.php(259): Controller->createAction('index')
#2 /home/itmanage/ITManage/webroot/framework/web/CWebApplication.php(282): CController->run('index')
#3 /home/itmanage/ITManage/webroot/framework/web/CWebApplication.php(141): CWebApplication->runController('login/index')
#4 /home/itmanage/ITManage/webroot/framework/base/CApplication.php(185): CWebApplication->processRequest()
#5 /home/itmanage/ITManage/webroot/backstage/index.php(13): CApplication->run()
#6 {main}
REQUEST_URI=/index.php?r=login/index
---
2017/03/17 02:49:55 [error] [exception.CException] CException: Property "SiteController.actions" is not defined. in /home/itmanage/ITManage/webroot/framework/base/CComponent.php:130
Stack trace:
#0 /home/itmanage/ITManage/webroot/backstage/protected/components/Controller.php(31): CComponent->__get('actions')
#1 /home/itmanage/ITManage/webroot/framework/web/CController.php(259): Controller->createAction('index')
#2 /home/itmanage/ITManage/webroot/framework/web/CWebApplication.php(282): CController->run('')
#3 /home/itmanage/ITManage/webroot/framework/web/CWebApplication.php(141): CWebApplication->runController('')
#4 /home/itmanage/ITManage/webroot/framework/base/CApplication.php(185): CWebApplication->processRequest()
#5 /home/itmanage/ITManage/webroot/backstage/index.php(13): CApplication->run()
#6 {main}
REQUEST_URI=/favicon.ico
HTTP_REFERER=http://backstage.com:8000/index.php?r=login/index
---
2017/03/17 02:51:29 [error] [php] Use of undefined constant BASE_URL - assumed 'BASE_URL' (/home/itmanage/ITManage/webroot/backstage/protected/components/Controller.php:33)
Stack trace:
#0 /home/itmanage/ITManage/webroot/framework/base/CApplication.php(185): CWebApplication->processRequest()
#1 /home/itmanage/ITManage/webroot/backstage/index.php(13): CWebApplication->run()
REQUEST_URI=/index.php?r=login/index
in /home/itmanage/ITManage/webroot/backstage/protected/components/Controller.php (33)
in /home/itmanage/ITManage/webroot/backstage/index.php (13)
2017/03/17 02:51:30 [error] [php] Use of undefined constant BASE_URL - assumed 'BASE_URL' (/home/itmanage/ITManage/webroot/backstage/protected/components/Controller.php:33)
Stack trace:
#0 /home/itmanage/ITManage/webroot/framework/base/CApplication.php(185): CWebApplication->processRequest()
#1 /home/itmanage/ITManage/webroot/backstage/index.php(13): CWebApplication->run()
REQUEST_URI=/favicon.ico
in /home/itmanage/ITManage/webroot/backstage/protected/components/Controller.php (33)
in /home/itmanage/ITManage/webroot/backstage/index.php (13)
2017/03/17 02:58:37 [error] [exception.CException] CException: Alias "application.componets.Filter" is invalid. Make sure it points to an existing PHP file and the file is readable. in /home/itmanage/ITManage/webroot/framework/YiiBase.php:323
Stack trace:
#0 /home/itmanage/ITManage/webroot/framework/YiiBase.php(196): YiiBase::import('application.com...', true)
#1 /home/itmanage/ITManage/webroot/framework/web/filters/CFilterChain.php(89): YiiBase::createComponent(Array)
#2 /home/itmanage/ITManage/webroot/framework/web/CController.php(291): CFilterChain::create(Object(LoginController), Object(IndexAction), Array)
#3 /home/itmanage/ITManage/webroot/framework/web/CController.php(265): CController->runActionWithFilters(Object(IndexAction), Array)
#4 /home/itmanage/ITManage/webroot/framework/web/CWebApplication.php(282): CController->run('index')
#5 /home/itmanage/ITManage/webroot/framework/web/CWebApplication.php(141): CWebApplication->runController('login/index')
#6 /home/itmanage/ITManage/webroot/framework/base/CApplication.php(185): CWebApplication->processRequest()
#7 /home/itmanage/ITManage/webroot/backstage/index.php(13): CApplication->run()
#8 {main}
REQUEST_URI=/index.php?r=login/index
---
2017/03/17 02:58:37 [error] [exception.CException] CException: Alias "application.componets.Filter" is invalid. Make sure it points to an existing PHP file and the file is readable. in /home/itmanage/ITManage/webroot/framework/YiiBase.php:323
Stack trace:
#0 /home/itmanage/ITManage/webroot/framework/YiiBase.php(196): YiiBase::import('application.com...', true)
#1 /home/itmanage/ITManage/webroot/framework/web/filters/CFilterChain.php(89): YiiBase::createComponent(Array)
#2 /home/itmanage/ITManage/webroot/framework/web/CController.php(291): CFilterChain::create(Object(SiteController), Object(CInlineAction), Array)
#3 /home/itmanage/ITManage/webroot/framework/web/CController.php(265): CController->runActionWithFilters(Object(CInlineAction), Array)
#4 /home/itmanage/ITManage/webroot/framework/web/CWebApplication.php(282): CController->run('')
#5 /home/itmanage/ITManage/webroot/framework/web/CWebApplication.php(141): CWebApplication->runController('')
#6 /home/itmanage/ITManage/webroot/framework/base/CApplication.php(185): CWebApplication->processRequest()
#7 /home/itmanage/ITManage/webroot/backstage/index.php(13): CApplication->run()
#8 {main}
REQUEST_URI=/favicon.ico
HTTP_REFERER=http://backstage.com:8000/index.php?r=login/index
---
2017/03/17 03:00:40 [error] [exception.CException] CException: Property "CWebUser.isGuset" is not defined. in /home/itmanage/ITManage/webroot/framework/base/CComponent.php:130
Stack trace:
#0 /home/itmanage/ITManage/webroot/framework/web/auth/CWebUser.php(146): CComponent->__get('isGuset')
#1 /home/itmanage/ITManage/webroot/backstage/protected/components/Filter.php(6): CWebUser->__get('isGuset')
#2 /home/itmanage/ITManage/webroot/framework/web/filters/CFilter.php(38): Filter->preFilter(Object(CFilterChain))
#3 /home/itmanage/ITManage/webroot/framework/web/filters/CFilterChain.php(130): CFilter->filter(Object(CFilterChain))
#4 /home/itmanage/ITManage/webroot/framework/web/CController.php(291): CFilterChain->run()
#5 /home/itmanage/ITManage/webroot/framework/web/CController.php(265): CController->runActionWithFilters(Object(IndexAction), Array)
#6 /home/itmanage/ITManage/webroot/framework/web/CWebApplication.php(282): CController->run('index')
#7 /home/itmanage/ITManage/webroot/framework/web/CWebApplication.php(141): CWebApplication->runController('login/index')
#8 /home/itmanage/ITManage/webroot/framework/base/CApplication.php(185): CWebApplication->processRequest()
#9 /home/itmanage/ITManage/webroot/backstage/index.php(13): CApplication->run()
#10 {main}
REQUEST_URI=/index.php?r=login/index
---
2017/03/17 03:00:40 [error] [exception.CException] CException: Property "CWebUser.isGuset" is not defined. in /home/itmanage/ITManage/webroot/framework/base/CComponent.php:130
Stack trace:
#0 /home/itmanage/ITManage/webroot/framework/web/auth/CWebUser.php(146): CComponent->__get('isGuset')
#1 /home/itmanage/ITManage/webroot/backstage/protected/components/Filter.php(6): CWebUser->__get('isGuset')
#2 /home/itmanage/ITManage/webroot/framework/web/filters/CFilter.php(38): Filter->preFilter(Object(CFilterChain))
#3 /home/itmanage/ITManage/webroot/framework/web/filters/CFilterChain.php(130): CFilter->filter(Object(CFilterChain))
#4 /home/itmanage/ITManage/webroot/framework/web/CController.php(291): CFilterChain->run()
#5 /home/itmanage/ITManage/webroot/framework/web/CController.php(265): CController->runActionWithFilters(Object(CInlineAction), Array)
#6 /home/itmanage/ITManage/webroot/framework/web/CWebApplication.php(282): CController->run('')
#7 /home/itmanage/ITManage/webroot/framework/web/CWebApplication.php(141): CWebApplication->runController('')
#8 /home/itmanage/ITManage/webroot/framework/base/CApplication.php(185): CWebApplication->processRequest()
#9 /home/itmanage/ITManage/webroot/backstage/index.php(13): CApplication->run()
#10 {main}
REQUEST_URI=/favicon.ico
HTTP_REFERER=http://backstage.com:8000/index.php?r=login/index
---
2017/03/17 03:03:46 [error] [exception.CException] CException: Property "CWebUser.login" is not defined. in /home/itmanage/ITManage/webroot/framework/base/CComponent.php:173
Stack trace:
#0 /home/itmanage/ITManage/webroot/framework/web/auth/CWebUser.php(160): CComponent->__set('login', Array)
#1 /home/itmanage/ITManage/webroot/framework/YiiBase.php(220): CWebUser->__set('login', Array)
#2 /home/itmanage/ITManage/webroot/framework/base/CModule.php(393): YiiBase::createComponent(Array)
#3 /home/itmanage/ITManage/webroot/framework/base/CModule.php(103): CModule->getComponent('user')
#4 /home/itmanage/ITManage/webroot/backstage/protected/components/Filter.php(6): CModule->__get('user')
#5 /home/itmanage/ITManage/webroot/framework/web/filters/CFilter.php(38): Filter->preFilter(Object(CFilterChain))
#6 /home/itmanage/ITManage/webroot/framework/web/filters/CFilterChain.php(130): CFilter->filter(Object(CFilterChain))
#7 /home/itmanage/ITManage/webroot/framework/web/CController.php(291): CFilterChain->run()
#8 /home/itmanage/ITManage/webroot/framework/web/CController.php(265): CController->runActionWithFilters(Object(IndexAction), Array)
#9 /home/itmanage/ITManage/webroot/framework/web/CWebApplication.php(282): CController->run('index')
#10 /home/itmanage/ITManage/webroot/framework/web/CWebApplication.php(141): CWebApplication->runController('login/index')
#11 /home/itmanage/ITManage/webroot/framework/base/CApplication.php(185): CWebApplication->processRequest()
#12 /home/itmanage/ITManage/webroot/backstage/index.php(13): CApplication->run()
#13 {main}
REQUEST_URI=/index.php?r=login/index
---
2017/03/17 03:03:46 [error] [exception.CException] CException: Property "CWebUser.login" is not defined. in /home/itmanage/ITManage/webroot/framework/base/CComponent.php:173
Stack trace:
#0 /home/itmanage/ITManage/webroot/framework/web/auth/CWebUser.php(160): CComponent->__set('login', Array)
#1 /home/itmanage/ITManage/webroot/framework/YiiBase.php(220): CWebUser->__set('login', Array)
#2 /home/itmanage/ITManage/webroot/framework/base/CModule.php(393): YiiBase::createComponent(Array)
#3 /home/itmanage/ITManage/webroot/framework/base/CModule.php(103): CModule->getComponent('user')
#4 /home/itmanage/ITManage/webroot/backstage/protected/components/Filter.php(6): CModule->__get('user')
#5 /home/itmanage/ITManage/webroot/framework/web/filters/CFilter.php(38): Filter->preFilter(Object(CFilterChain))
#6 /home/itmanage/ITManage/webroot/framework/web/filters/CFilterChain.php(130): CFilter->filter(Object(CFilterChain))
#7 /home/itmanage/ITManage/webroot/framework/web/CController.php(291): CFilterChain->run()
#8 /home/itmanage/ITManage/webroot/framework/web/CController.php(265): CController->runActionWithFilters(Object(CInlineAction), Array)
#9 /home/itmanage/ITManage/webroot/framework/web/CWebApplication.php(282): CController->run('')
#10 /home/itmanage/ITManage/webroot/framework/web/CWebApplication.php(141): CWebApplication->runController('')
#11 /home/itmanage/ITManage/webroot/framework/base/CApplication.php(185): CWebApplication->processRequest()
#12 /home/itmanage/ITManage/webroot/backstage/index.php(13): CApplication->run()
#13 {main}
REQUEST_URI=/favicon.ico
HTTP_REFERER=http://backstage.com:8000/index.php?r=login/index
---
2017/03/17 03:05:28 [error] [exception.CHttpException.404] CHttpException: Unable to resolve the request "home". in /home/itmanage/ITManage/webroot/framework/web/CWebApplication.php:286
Stack trace:
#0 /home/itmanage/ITManage/webroot/framework/web/CWebApplication.php(141): CWebApplication->runController('')
#1 /home/itmanage/ITManage/webroot/framework/base/CApplication.php(185): CWebApplication->processRequest()
#2 /home/itmanage/ITManage/webroot/backstage/index.php(13): CApplication->run()
#3 {main}
REQUEST_URI=/
---
2017/03/17 03:05:28 [error] [exception.CHttpException.404] CHttpException: Unable to resolve the request "home". in /home/itmanage/ITManage/webroot/framework/web/CWebApplication.php:286
Stack trace:
#0 /home/itmanage/ITManage/webroot/framework/web/CWebApplication.php(141): CWebApplication->runController('')
#1 /home/itmanage/ITManage/webroot/framework/base/CApplication.php(185): CWebApplication->processRequest()
#2 /home/itmanage/ITManage/webroot/backstage/index.php(13): CApplication->run()
#3 {main}
REQUEST_URI=/favicon.ico
HTTP_REFERER=http://backstage.com:8000/
---
2017/03/17 03:06:10 [error] [exception.CHttpException.404] CHttpException: Unable to resolve the request "home". in /home/itmanage/ITManage/webroot/framework/web/CWebApplication.php:286
Stack trace:
#0 /home/itmanage/ITManage/webroot/framework/web/CWebApplication.php(141): CWebApplication->runController('')
#1 /home/itmanage/ITManage/webroot/framework/base/CApplication.php(185): CWebApplication->processRequest()
#2 /home/itmanage/ITManage/webroot/backstage/index.php(13): CApplication->run()
#3 {main}
REQUEST_URI=/
---
2017/03/17 03:07:21 [error] [exception.CHttpException.404] CHttpException: Unable to resolve the request "home". in /home/itmanage/ITManage/webroot/framework/web/CWebApplication.php:286
Stack trace:
#0 /home/itmanage/ITManage/webroot/framework/web/CWebApplication.php(141): CWebApplication->runController('')
#1 /home/itmanage/ITManage/webroot/framework/base/CApplication.php(185): CWebApplication->processRequest()
#2 /home/itmanage/ITManage/webroot/backstage/index.php(13): CApplication->run()
#3 {main}
REQUEST_URI=/
---
2017/03/17 03:08:02 [error] [exception.CHttpException.404] CHttpException: Unable to resolve the request "Home". in /home/itmanage/ITManage/webroot/framework/web/CWebApplication.php:286
Stack trace:
#0 /home/itmanage/ITManage/webroot/framework/web/CWebApplication.php(141): CWebApplication->runController('')
#1 /home/itmanage/ITManage/webroot/framework/base/CApplication.php(185): CWebApplication->processRequest()
#2 /home/itmanage/ITManage/webroot/backstage/index.php(13): CApplication->run()
#3 {main}
REQUEST_URI=/
---
